<?xml version='1.0'?>
<ns2:test-suite xmlns:ns2='urn:model.allure.qatools.yandex.ru' start='1657284809662' stop='1657284827723'>
    <name>I want to verify which users can login and what they see: I verify users can login</name>
    <title>I want to verify which users can login and what they see: I verify users can login</title>
    <test-cases>
        <test-case start='1657284809663' status='passed' stop='1657284809664'>
            <name></name>
            <title></title>
            <labels>
                <label name='language' value='javascript'/>
                <label name='framework' value='wdio'/>
                <label name='thread' value='0-0'/>
            </labels>
            <parameters>
                <parameter kind='argument' name='browser' value='chrome-103.0.5060.114'/>
            </parameters>
            <steps/>
            <attachments/>
        </test-case>
        <test-case start='1657284809664' status='passed' stop='1657284821987'>
            <name>Given I am on the home page</name>
            <title>Given I am on the home page</title>
            <labels>
                <label name='language' value='javascript'/>
                <label name='framework' value='wdio'/>
                <label name='thread' value='0-0'/>
            </labels>
            <parameters>
                <parameter kind='argument' name='browser' value='chrome-103.0.5060.114'/>
            </parameters>
            <steps/>
            <attachments>
                <attachment title='Screenshot' source='16c8593a-94bb-4508-812a-0bf09da90259-attachment.png' type='image/png' size='47784'/>
            </attachments>
        </test-case>
        <test-case start='1657284821987' status='passed' stop='1657284827536'>
            <name>When I login with standard_user and secret_sauce</name>
            <title>When I login with standard_user and secret_sauce</title>
            <labels>
                <label name='language' value='javascript'/>
                <label name='framework' value='wdio'/>
                <label name='thread' value='0-0'/>
            </labels>
            <parameters>
                <parameter kind='argument' name='browser' value='chrome-103.0.5060.114'/>
            </parameters>
            <steps/>
            <attachments>
                <attachment title='Screenshot' source='a0ee0004-e686-4e66-a270-efb2ca0cd498-attachment.png' type='image/png' size='588245'/>
            </attachments>
        </test-case>
        <test-case start='1657284827536' status='failed' stop='1657284827722'>
            <name>Then I should see the error message.</name>
            <title>Then I should see the error message.</title>
            <labels>
                <label name='language' value='javascript'/>
                <label name='framework' value='wdio'/>
                <label name='thread' value='0-0'/>
            </labels>
            <parameters>
                <parameter kind='argument' name='browser' value='chrome-103.0.5060.114'/>
            </parameters>
            <steps/>
            <attachments>
                <attachment title='Screenshot' source='31216d8b-20d8-4702-a383-07db4650dcb2-attachment.png' type='image/png' size='588245'/>
            </attachments>
            <failure>
                <message>AssertionError [ERR_ASSERTION]: Something went wrong</message>
                <stack-trace>AssertionError [ERR_ASSERTION]: Something went wrong
                    + expected - actual
                
                    -false
                    +true
                
                    at World.&lt;anonymous> (C:\Users\icioncu\OneDrive - ENDAVA\Desktop\Pocu\Javascript\features\step-definitions\then.js:8:11)
                    at process.processTicksAndRejections (node:internal/process/task_queues:95:5)</stack-trace>
            </failure>
        </test-case>
        <test-case start='1657284827722' status='passed' stop='1657284827722'>
            <name></name>
            <title></title>
            <labels>
                <label name='language' value='javascript'/>
                <label name='framework' value='wdio'/>
                <label name='thread' value='0-0'/>
            </labels>
            <parameters>
                <parameter kind='argument' name='browser' value='chrome-103.0.5060.114'/>
            </parameters>
            <steps/>
            <attachments/>
        </test-case>
    </test-cases>
</ns2:test-suite>