<?xml version='1.0'?>
<ns2:test-suite xmlns:ns2='urn:model.allure.qatools.yandex.ru' start='1657284699526' stop='1657284706175'>
    <name>I want to verify which users can login and what they see: I verify users can login</name>
    <title>I want to verify which users can login and what they see: I verify users can login</title>
    <test-cases>
        <test-case start='1657284699526' status='passed' stop='1657284699527'>
            <name></name>
            <title></title>
            <labels>
                <label name='language' value='javascript'/>
                <label name='framework' value='wdio'/>
                <label name='thread' value='0-0'/>
            </labels>
            <parameters>
                <parameter kind='argument' name='browser' value='chrome-103.0.5060.114'/>
            </parameters>
            <steps/>
            <attachments/>
        </test-case>
        <test-case start='1657284699527' status='passed' stop='1657284700617'>
            <name>Given I am on the home page</name>
            <title>Given I am on the home page</title>
            <labels>
                <label name='language' value='javascript'/>
                <label name='framework' value='wdio'/>
                <label name='thread' value='0-0'/>
            </labels>
            <parameters>
                <parameter kind='argument' name='browser' value='chrome-103.0.5060.114'/>
            </parameters>
            <steps/>
            <attachments>
                <attachment title='Screenshot' source='cba31bc3-2f06-48d1-8441-8638221754ef-attachment.png' type='image/png' size='47784'/>
            </attachments>
        </test-case>
        <test-case start='1657284700617' status='passed' stop='1657284706059'>
            <name>When I login with locked_out_user and secret_sauce</name>
            <title>When I login with locked_out_user and secret_sauce</title>
            <labels>
                <label name='language' value='javascript'/>
                <label name='framework' value='wdio'/>
                <label name='thread' value='0-0'/>
            </labels>
            <parameters>
                <parameter kind='argument' name='browser' value='chrome-103.0.5060.114'/>
            </parameters>
            <steps/>
            <attachments>
                <attachment title='Screenshot' source='2f4caded-3945-42da-bb3d-d321a9151a75-attachment.png' type='image/png' size='57422'/>
            </attachments>
        </test-case>
        <test-case start='1657284706059' status='failed' stop='1657284706173'>
            <name>Then I should see the error message.</name>
            <title>Then I should see the error message.</title>
            <labels>
                <label name='language' value='javascript'/>
                <label name='framework' value='wdio'/>
                <label name='thread' value='0-0'/>
            </labels>
            <parameters>
                <parameter kind='argument' name='browser' value='chrome-103.0.5060.114'/>
            </parameters>
            <steps/>
            <attachments>
                <attachment title='Screenshot' source='15ae01b9-7ba3-4c52-9d74-cc98daf84d2b-attachment.png' type='image/png' size='57422'/>
            </attachments>
            <failure>
                <message>AssertionError [ERR_ASSERTION]: The expression evaluated to a falsy value:</message>
                <stack-trace>AssertionError [ERR_ASSERTION]: The expression evaluated to a falsy value:
                
                  Assert(LoginPage.errorText==="div.error-message-container.error")
                
                    + expected - actual
                
                    -false
                    +true
                
                    at World.&lt;anonymous> (C:\Users\icioncu\OneDrive - ENDAVA\Desktop\Pocu\Javascript\features\step-definitions\then.js:9:11)
                    at process.processTicksAndRejections (node:internal/process/task_queues:95:5)</stack-trace>
            </failure>
        </test-case>
        <test-case start='1657284706174' status='passed' stop='1657284706174'>
            <name></name>
            <title></title>
            <labels>
                <label name='language' value='javascript'/>
                <label name='framework' value='wdio'/>
                <label name='thread' value='0-0'/>
            </labels>
            <parameters>
                <parameter kind='argument' name='browser' value='chrome-103.0.5060.114'/>
            </parameters>
            <steps/>
            <attachments/>
        </test-case>
    </test-cases>
</ns2:test-suite>